#
# A fatal error has been detected by the Java Runtime Environment:
#
#  EXCEPTION_ACCESS_VIOLATION (0xc0000005) at pc=0x00007ffe13d7bb21, pid=32636, tid=32372
#
# JRE version: Java(TM) SE Runtime Environment (22.0.2+9) (build 22.0.2+9-70)
# Java VM: Java HotSpot(TM) 64-Bit Server VM (22.0.2+9-70, mixed mode, sharing, tiered, compressed oops, compressed class ptrs, g1 gc, windows-amd64)
# Problematic frame:
# C  [awt.dll+0xdbb21]
#
# No core dump will be written. Minidumps are not enabled by default on client versions of Windows
#
# If you would like to submit a bug report, please visit:
#   https://bugreport.java.com/bugreport/crash.jsp
# The crash happened outside the Java Virtual Machine in native code.
# See problematic frame for where to report the bug.
#

---------------  S U M M A R Y ------------

Command Line: -javaagent:C:\Program Files\JetBrains\IntelliJ IDEA Community Edition 2024.2.0.1\lib\idea_rt.jar=51971:C:\Program Files\JetBrains\IntelliJ IDEA Community Edition 2024.2.0.1\bin -Dfile.encoding=UTF-8 -Dsun.stdout.encoding=UTF-8 -Dsun.stderr.encoding=UTF-8 Main

Host: 11th Gen Intel(R) Core(TM) i7-11800H @ 2.30GHz, 16 cores, 15G,  Windows 11 , 64 bit Build 22621 (10.0.22621.3958)
Time: Wed Sep 18 20:03:24 2024 GMT Daylight Time elapsed time: 409.352450 seconds (0d 0h 6m 49s)

---------------  T H R E A D  ---------------

Current thread (0x00000217c7a56bd0):  JavaThread "AWT-Windows" daemon [_thread_in_native, id=32372, stack(0x0000009097900000,0x0000009097a00000) (1024K)]

Stack: [0x0000009097900000,0x0000009097a00000],  sp=0x00000090979feb40,  free space=1018k
Native frames: (J=compiled Java code, j=interpreted, Vv=VM code, C=native code)
C  [awt.dll+0xdbb21]  (no source info available)
C  [awt.dll+0x978bc]  (no source info available)
C  [awt.dll+0x97966]  (no source info available)
C  [awt.dll+0x94cb6]  (no source info available)
C  [awt.dll+0xe0cac]  (no source info available)
C  [awt.dll+0xb0efd]  (no source info available)
C  [awt.dll+0x97e9d]  (no source info available)
C  [USER32.dll+0x182e1]  (no source info available)
C  [USER32.dll+0x17b2b]  (no source info available)
C  [awt.dll+0x161c3]  (no source info available)
C  [COMCTL32.dll+0x18252]  (no source info available)
C  [COMCTL32.dll+0x18037]  (no source info available)
C  [USER32.dll+0x182e1]  (no source info available)
C  [USER32.dll+0x17da1]  (no source info available)
C  [awt.dll+0xd4fbe]  (no source info available)
C  [awt.dll+0xd6f62]  (no source info available)
C  0x00000217b722d0c7  (no source info available)

The last pc belongs to native method entry point (kind = native) (printed below).
Java frames: (J=compiled Java code, j=interpreted, Vv=VM code)
j  sun.awt.windows.WToolkit.eventLoop()V+0 java.desktop@22.0.2
j  sun.awt.windows.WToolkit.run()V+50 java.desktop@22.0.2
j  java.lang.Thread.runWith(Ljava/lang/Object;Ljava/lang/Runnable;)V+5 java.base@22.0.2
j  java.lang.Thread.run()V+19 java.base@22.0.2
v  ~StubRoutines::call_stub 0x00000217b722100d

siginfo: EXCEPTION_ACCESS_VIOLATION (0xc0000005), reading address 0x0000000000000008


Registers:
RAX=0x0000000000000000, RBX=0x000002180e5650b0, RCX=0x0000000000000000, RDX=0x0000000000000000
RSP=0x00000090979feb40, RBP=0x00000090979fec49, RSI=0x00000000730112ae, RDI=0x0000000000000000
R8 =0x0000000000000001, R9 =0x0000000000000000, R10=0x0000000000000000, R11=0x0000000000000246
R12=0x0000000000000000, R13=0x0000000000000310, R14=0x0000000000000000, R15=0x0000000000000000
RIP=0x00007ffe13d7bb21, EFLAGS=0x0000000000010246


Register to memory mapping:

RAX=0x0 is null
RBX=0x000002180e5650b0 points into unknown readable memory: 0x000002180e4ce340 | 40 e3 4c 0e 18 02 00 00
RCX=0x0 is null
RDX=0x0 is null
RSP=0x00000090979feb40 is pointing into the stack for thread: 0x00000217c7a56bd0
RBP=0x00000090979fec49 is pointing into the stack for thread: 0x00000217c7a56bd0
RSI=0x00000000730112ae is an unknown value
RDI=0x0 is null
R8 =0x0000000000000001 is an unknown value
R9 =0x0 is null
R10=0x0 is null
R11=0x0000000000000246 is an unknown value
R12=0x0 is null
R13=0x0000000000000310 is an unknown value
R14=0x0 is null
R15=0x0 is null

Top of Stack: (sp=0x00000090979feb40)
0x00000090979feb40:   00007ffe13dd9848 00000000730112ae
0x00000090979feb50:   0000000000000000 000002180e34c290
0x00000090979feb60:   0000000000000000 00007ffe13d378bc
0x00000090979feb70:   00000000730112ae 000002180e34c290
0x00000090979feb80:   000002180e5650b0 0000000000000000
0x00000090979feb90:   000002180e34c290 00007ffe13d37966
0x00000090979feba0:   00007ffe13ca0000 0000000000000000
0x00000090979febb0:   000000000000c283 00007ffe60cb8ae3
0x00000090979febc0:   000002180e34c290 00007ffe13d34cb6
0x00000090979febd0:   000002180e34c290 0000000000000000
0x00000090979febe0:   0000000000000001 00007ffe60cb6b17
0x00000090979febf0:   00000090979fecb0 000000000000000f
0x00000090979fec00:   00007ffe13d37e40 0000000000000000
0x00000090979fec10:   0000000000000000 00007ffe60cb8ae3
0x00000090979fec20:   0000000000000000 00000090979fecb0
0x00000090979fec30:   00000090979fecb4 00000217c7a56f90
0x00000090979fec40:   000002180e34c330 000000000000c283
0x00000090979fec50:   000000000000c283 0000b04d39aea2e1
0x00000090979fec60:   000002180e339590 0000000000000000
0x00000090979fec70:   0000000000000000 0000000000000000
0x00000090979fec80:   0000000000000000 0000000000000310
0x00000090979fec90:   0000000000000000 000002180e34c290
0x00000090979feca0:   000002180e34c290 00007ffe13d80cac
0x00000090979fecb0:   0000000200000002 0000000000000000
0x00000090979fecc0:   0000fd9818eea0cd 0000148f3aaa8421
0x00000090979fecd0:   0000000000000000 000000000000c283
0x00000090979fece0:   0000000000000000 0000000000000000
0x00000090979fecf0:   00000090979feec8 00007ffe5ec78586
0x00000090979fed00:   0000000000000000 00007ffe60cb8ae3
0x00000090979fed10:   ffffffffffffffeb 00007ffe5ec7aba9
0x00000090979fed20:   00000217c770bfd0 0000b04d39aea581
0x00000090979fed30:   0000000000400768 0000000000000000 

Instructions: (pc=0x00007ffe13d7bb21)
0x00007ffe13d7ba21:   83 ec 28 66 0f 6e c2 0f 5b c0 f3 0f 59 41 48 0f
0x00007ffe13d7ba31:   5a c8 f2 0f 10 05 65 42 03 00 f2 0f 5c 0d c5 41
0x00007ffe13d7ba41:   01 00 66 0f 2f c1 76 0a b8 00 00 00 80 48 83 c4
0x00007ffe13d7ba51:   28 c3 66 0f 2f 0d 45 8b 02 00 76 0a b8 ff ff ff
0x00007ffe13d7ba61:   7f 48 83 c4 28 c3 0f 28 c1 e8 6f 0e 01 00 f2 0f
0x00007ffe13d7ba71:   2c c0 48 83 c4 28 c3 cc cc cc cc cc cc cc cc 48
0x00007ffe13d7ba81:   83 ec 28 66 0f 6e c2 0f 5b c0 f3 0f 59 41 4c 0f
0x00007ffe13d7ba91:   5a c8 f2 0f 10 05 05 42 03 00 f2 0f 5c 0d 65 41
0x00007ffe13d7baa1:   01 00 66 0f 2f c1 76 0a b8 00 00 00 80 48 83 c4
0x00007ffe13d7bab1:   28 c3 66 0f 2f 0d e5 8a 02 00 76 0a b8 ff ff ff
0x00007ffe13d7bac1:   7f 48 83 c4 28 c3 0f 28 c1 e8 0f 0e 01 00 f2 0f
0x00007ffe13d7bad1:   2c c0 48 83 c4 28 c3 cc cc cc cc cc cc cc cc 48
0x00007ffe13d7bae1:   8b 49 08 48 85 c9 0f 85 63 80 fe ff 33 c0 c3 48
0x00007ffe13d7baf1:   89 5c 24 08 48 89 74 24 10 57 48 83 ec 20 8b fa
0x00007ffe13d7bb01:   48 8b f1 e8 97 c1 f4 ff 48 8b d8 48 89 44 24 40
0x00007ffe13d7bb11:   41 b8 01 00 00 00 8b d7 48 8b c8 e8 ff c0 f4 ff
0x00007ffe13d7bb21:   48 8b 48 08 48 85 c9 74 0d 48 8b d6 e8 1e 80 fe
0x00007ffe13d7bb31:   ff 48 8b f8 eb 02 33 ff 48 8b cb e8 1f c3 f4 ff
0x00007ffe13d7bb41:   90 48 8b c7 48 8b 5c 24 30 48 8b 74 24 38 48 83
0x00007ffe13d7bb51:   c4 20 5f c3 cc cc cc cc cc cc cc cc cc cc cc 48
0x00007ffe13d7bb61:   8b 01 89 10 c3 cc cc cc cc cc cc cc cc cc cc 40
0x00007ffe13d7bb71:   57 48 83 ec 40 48 83 79 38 00 48 8b f9 0f 84 96
0x00007ffe13d7bb81:   01 00 00 48 8b 0d fd a2 06 00 ba 02 00 01 00 48
0x00007ffe13d7bb91:   89 5c 24 58 48 89 74 24 68 e8 59 f5 00 00 4c 8b
0x00007ffe13d7bba1:   05 12 a8 06 00 48 8b c8 48 8b 57 38 48 8b d8 4c
0x00007ffe13d7bbb1:   8b 08 41 ff 91 f8 02 00 00 48 8b f0 48 85 c0 0f
0x00007ffe13d7bbc1:   84 4a 01 00 00 4c 8b 0b 48 8b d0 4c 8b 05 d5 a7
0x00007ffe13d7bbd1:   06 00 48 8b cb 41 ff 91 00 01 00 00 84 c0 0f 84
0x00007ffe13d7bbe1:   2b 01 00 00 48 8b 7f 08 48 8b d6 48 8b 03 48 8b
0x00007ffe13d7bbf1:   cb 4c 8b 05 c7 a7 06 00 48 81 c7 00 04 00 00 48
0x00007ffe13d7bc01:   89 6c 24 60 4c 89 64 24 38 ff 90 f8 02 00 00 4c
0x00007ffe13d7bc11:   8b 0b 48 8b d6 4c 8b 05 ab a7 06 00 48 8b cb 4c 


Stack slot to memory mapping:

stack at sp + 0 slots: 0x00007ffe13dd9848 awt.dll
stack at sp + 1 slots: 0x00000000730112ae is an unknown value
stack at sp + 2 slots: 0x0 is null
stack at sp + 3 slots: 0x000002180e34c290 points into unknown readable memory: 0x00007ffe13dab8e0 | e0 b8 da 13 fe 7f 00 00
stack at sp + 4 slots: 0x0 is null
stack at sp + 5 slots: 0x00007ffe13d378bc awt.dll
stack at sp + 6 slots: 0x00000000730112ae is an unknown value
stack at sp + 7 slots: 0x000002180e34c290 points into unknown readable memory: 0x00007ffe13dab8e0 | e0 b8 da 13 fe 7f 00 00

native method entry point (kind = native)  [0x00000217b722cca0, 0x00000217b722d8c0]  3104 bytes
[MachCode]
  0x00000217b722cca0: 488b 4b08 | 0fb7 492e | 584c 8d74 | ccf8 6800 | 0000 0068 | 0000 0000 | 5055 488b | ec41 5568 
  0x00000217b722ccc0: 0000 0000 | 4c8b 6b08 | 4d8d 6d38 | 5348 8b53 | 0848 8b52 | 0848 8b52 | 1848 8b52 | 7048 8b12 
  0x00000217b722cce0: 5248 8b53 | 1048 85d2 | 0f84 0700 | 0000 4881 | c210 0100 | 0052 488b | 5308 488b | 5208 488b 
  0x00000217b722cd00: 5210 5249 | 8bc6 482b | c548 c1e8 | 0350 6800 | 0000 0068 | f7ff ffff | 41c6 8781 | 0400 0001 
  0x00000217b722cd20: 488b 4310 | 4885 c074 | 208b 88cc | 0000 0083 | c102 8988 | cc00 0000 | 2388 e000 | 0000 0f84 
  0x00000217b722cd40: cb0a 0000 | e9cf 0000 | 0048 8b43 | 1848 85c0 | 0f85 b000 | 0000 e805 | 0000 00e9 | 9900 0000 
  0x00000217b722cd60: 488b d348 | 8d44 2408 | 4c89 6dc0 | 498b cfc5 | f877 4989 | afb0 0300 | 0049 8987 | a003 0000 
  0x00000217b722cd80: 4883 ec20 | 40f6 c40f | 0f84 1900 | 0000 4883 | ec08 48b8 | 00a7 49f4 | fd7f 0000 | ffd0 4883 
  0x00000217b722cda0: c408 e90c | 0000 0048 | b800 a749 | f4fd 7f00 | 00ff d048 | 83c4 2049 | c787 a003 | 0000 0000 
  0x00000217b722cdc0: 0000 49c7 | 87b0 0300 | 0000 0000 | 0049 c787 | a803 0000 | 0000 0000 | c5f8 7749 | 837f 0800 
  0x00000217b722cde0: 0f84 0500 | 0000 e915 | 41ff ff4c | 8b6d c04c | 8b75 c84e | 8d74 f500 | c348 8b43 | 1848 85c0 
  0x00000217b722ce00: 0f84 1200 | 0000 8b48 | 0883 c102 | 8948 0823 | 481c 0f84 | f709 0000 | 493b a7f0 | 0400 000f 
  0x00000217b722ce20: 8748 0000 | 0089 8424 | 00f0 ffff | 8984 2400 | e0ff ff89 | 8424 00d0 | ffff 8984 | 2400 c0ff 
  0x00000217b722ce40: ff89 8424 | 00b0 ffff | 8984 2400 | a0ff ff89 | 8424 0090 | ffff 8984 | 2400 80ff | ff49 3ba7 
  0x00000217b722ce60: e804 0000 | 7607 4989 | a7f0 0400 | 0041 c687 | 8104 0000 | 0049 ba6c | 40d0 f4fd | 7f00 0041 
  0x00000217b722ce80: 803a 000f | 843e 0000 | 0048 8b55 | e849 8bcf | 4883 ec20 | 40f6 c40f | 0f84 1900 | 0000 4883 
  0x00000217b722cea0: ec08 48b8 | 80b9 80f4 | fd7f 0000 | ffd0 4883 | c408 e90c | 0000 0048 | b880 b980 | f4fd 7f00 
  0x00000217b722cec0: 00ff d048 | 83c4 2048 | 8b5d e84c | 8b5b 0845 | 0fb7 5b2e | 41c1 e303 | 492b e348 | 83ec 2048 
  0x00000217b722cee0: 83e4 f04c | 8b5b 604d | 85db 0f85 | ab00 0000 | e805 0000 | 00e9 9900 | 0000 488b | d348 8d44 
  0x00000217b722cf00: 2408 4c89 | 6dc0 498b | cfc5 f877 | 4989 afb0 | 0300 0049 | 8987 a003 | 0000 4883 | ec20 40f6 
  0x00000217b722cf20: c40f 0f84 | 1900 0000 | 4883 ec08 | 48b8 20ce | 49f4 fd7f | 0000 ffd0 | 4883 c408 | e90c 0000 
  0x00000217b722cf40: 0048 b820 | ce49 f4fd | 7f00 00ff | d048 83c4 | 2049 c787 | a003 0000 | 0000 0000 | 49c7 87b0 
  0x00000217b722cf60: 0300 0000 | 0000 0049 | c787 a803 | 0000 0000 | 0000 c5f8 | 7749 837f | 0800 0f84 | 0500 0000 
  0x00000217b722cf80: e97b 3fff | ff4c 8b6d | c04c 8b75 | c84e 8d74 | f500 c348 | 8b5d e84c | 8b5b 6041 | ffd3 488b 
  0x00000217b722cfa0: 5de8 4889 | 4518 448b | 5b28 41f6 | c308 0f84 | 1b00 0000 | 4c8b 5b08 | 4d8b 5b08 | 4d8b 5b18 
  0x00000217b722cfc0: 4d8b 5b70 | 4d8b 1b4c | 895d 1048 | 8d55 1048 | 8b43 5849 | ba80 1081 | f4fd 7f00 | 0049 3bc2 
  0x00000217b722cfe0: 0f85 ab00 | 0000 e805 | 0000 00e9 | 9900 0000 | 488b d348 | 8d44 2408 | 4c89 6dc0 | 498b cfc5 
  0x00000217b722d000: f877 4989 | afb0 0300 | 0049 8987 | a003 0000 | 4883 ec20 | 40f6 c40f | 0f84 1900 | 0000 4883 
  0x00000217b722d020: ec08 48b8 | 20ce 49f4 | fd7f 0000 | ffd0 4883 | c408 e90c | 0000 0048 | b820 ce49 | f4fd 7f00 
  0x00000217b722d040: 00ff d048 | 83c4 2049 | c787 a003 | 0000 0000 | 0000 49c7 | 87b0 0300 | 0000 0000 | 0049 c787 
  0x00000217b722d060: a803 0000 | 0000 0000 | c5f8 7749 | 837f 0800 | 0f84 0500 | 0000 e985 | 3eff ff4c | 8b6d c04c 
  0x00000217b722d080: 8b75 c84e | 8d74 f500 | c348 8b5d | e848 8b43 | 5849 8d8f | c003 0000 | c5f8 7749 | 89af b003 
  0x00000217b722d0a0: 0000 49ba | 98d0 22b7 | 1702 0000 | 4d89 97a8 | 0300 0049 | 89a7 a003 | 0000 41c7 | 8754 0400 
  0x00000217b722d0c0: 0004 0000 | 00ff d0c5 | f877 4883 | ec10 c5fb | 1104 2448 | 83ec 1048 | 8904 2448 | c744 2408 
  0x00000217b722d0e0: 0000 0000 | 41c7 8754 | 0400 0005 | 0000 00f0 | 8344 24c0 | 0049 3baf | 5804 0000 | 0f87 0e00 
  0x00000217b722d100: 0000 4183 | bf50 0400 | 0000 0f84 | 2000 0000 | 498b cf4c | 8be4 4883 | ec20 4883 | e4f0 48b8 
  0x00000217b722d120: 4023 4bf4 | fd7f 0000 | ffd0 498b | e44d 33e4 | 41c7 8754 | 0400 0008 | 0000 0049 | c787 a003 
  0x00000217b722d140: 0000 0000 | 0000 49c7 | 87b0 0300 | 0000 0000 | 0049 c787 | a803 0000 | 0000 0000 | c5f8 774d 
  0x00000217b722d160: 8b9f 3004 | 0000 41c7 | 8300 0100 | 0000 0000 | 0049 bb1a | a522 b717 | 0200 004c | 3b5d 180f 
  0x00000217b722d180: 8524 0300 | 0048 8b04 | 2448 83c4 | 1048 85c0 | 0f84 fe02 | 0000 a803 | 0f85 0800 | 0000 488b 
  0x00000217b722d1a0: 00e9 ee02 | 0000 a801 | 0f85 0900 | 0000 488b | 40fe e9dd | 0200 0048 | 8b40 ff41 | 807f 3800 
  0x00000217b722d1c0: 0f84 ce02 | 0000 4883 | f800 0f84 | c402 0000 | 4d8b 5f28 | 4983 fb00 | 0f84 1400 | 0000 4983 
  0x00000217b722d1e0: eb08 4d89 | 5f28 4d03 | 5f30 4989 | 03e9 a202 | 0000 4881 | ec50 0100 | 0048 8904 | 2448 894c 
  0x00000217b722d200: 2408 4889 | 5424 1048 | 8974 2418 | 4889 7c24 | 204c 8944 | 2428 4c89 | 4c24 304c | 8954 2438 
  0x00000217b722d220: 4c89 5c24 | 40c5 fb11 | 4424 50c5 | fb11 4c24 | 58c5 fb11 | 5424 60c5 | fb11 5c24 | 68c5 fb11 
  0x00000217b722d240: 6424 70c5 | fb11 6c24 | 78c5 fb11 | b424 8000 | 0000 c5fb | 11bc 2488 | 0000 00c5 | 7b11 8424 
  0x00000217b722d260: 9000 0000 | c57b 118c | 2498 0000 | 00c5 7b11 | 9424 a000 | 0000 c57b | 119c 24a8 | 0000 00c5 
  0x00000217b722d280: 7b11 a424 | b000 0000 | c57b 11ac | 24b8 0000 | 00c5 7b11 | b424 c000 | 0000 c57b | 11bc 24c8 
  0x00000217b722d2a0: 0000 0062 | e1ff 0811 | 4424 1a62 | e1ff 0811 | 4c24 1b62 | e1ff 0811 | 5424 1c62 | e1ff 0811 
  0x00000217b722d2c0: 5c24 1d62 | e1ff 0811 | 6424 1e62 | e1ff 0811 | 6c24 1f62 | e1ff 0811 | 7424 2062 | e1ff 0811 
  0x00000217b722d2e0: 7c24 2162 | 61ff 0811 | 4424 2262 | 61ff 0811 | 4c24 2362 | 61ff 0811 | 5424 2462 | 61ff 0811 
  0x00000217b722d300: 5c24 2562 | 61ff 0811 | 6424 2662 | 61ff 0811 | 6c24 2762 | 61ff 0811 | 7424 2862 | 61ff 0811 
  0x00000217b722d320: 7c24 2949 | 8bd7 488b | c848 83ec | 2040 f6c4 | 0f0f 8419 | 0000 0048 | 83ec 0848 | b830 3f3e 
  0x00000217b722d340: f4fd 7f00 | 00ff d048 | 83c4 08e9 | 0c00 0000 | 48b8 303f | 3ef4 fd7f | 0000 ffd0 | 4883 c420 
  0x00000217b722d360: 6261 ff08 | 107c 2429 | 6261 ff08 | 1074 2428 | 6261 ff08 | 106c 2427 | 6261 ff08 | 1064 2426 
  0x00000217b722d380: 6261 ff08 | 105c 2425 | 6261 ff08 | 1054 2424 | 6261 ff08 | 104c 2423 | 6261 ff08 | 1044 2422 
  0x00000217b722d3a0: 62e1 ff08 | 107c 2421 | 62e1 ff08 | 1074 2420 | 62e1 ff08 | 106c 241f | 62e1 ff08 | 1064 241e 
  0x00000217b722d3c0: 62e1 ff08 | 105c 241d | 62e1 ff08 | 1054 241c | 62e1 ff08 | 104c 241b | 62e1 ff08 | 1044 241a 
  0x00000217b722d3e0: c57b 10bc | 24c8 0000 | 00c5 7b10 | b424 c000 | 0000 c57b | 10ac 24b8 | 0000 00c5 | 7b10 a424 
  0x00000217b722d400: b000 0000 | c57b 109c | 24a8 0000 | 00c5 7b10 | 9424 a000 | 0000 c57b | 108c 2498 | 0000 00c5 
  0x00000217b722d420: 7b10 8424 | 9000 0000 | c5fb 10bc | 2488 0000 | 00c5 fb10 | b424 8000 | 0000 c5fb | 106c 2478 
  0x00000217b722d440: c5fb 1064 | 2470 c5fb | 105c 2468 | c5fb 1054 | 2460 c5fb | 104c 2458 | c5fb 1044 | 2450 4c8b 
  0x00000217b722d460: 5c24 404c | 8b54 2438 | 4c8b 4c24 | 304c 8b44 | 2428 488b | 7c24 2048 | 8b74 2418 | 488b 5424 
  0x00000217b722d480: 1048 8b4c | 2408 488b | 0424 4881 | c450 0100 | 00c5 f877 | 4889 4510 | 4883 ec10 | 4889 0424 
  0x00000217b722d4a0: 48c7 4424 | 0800 0000 | 0041 83bf | d004 0000 | 020f 85bf | 0000 0048 | 81ec 8000 | 0000 4889 
  0x00000217b722d4c0: 4424 7848 | 894c 2470 | 4889 5424 | 6848 895c | 2460 4889 | 6c24 5048 | 8974 2448 | 4889 7c24 
  0x00000217b722d4e0: 404c 8944 | 2438 4c89 | 4c24 304c | 8954 2428 | 4c89 5c24 | 204c 8964 | 2418 4c89 | 6c24 104c 
  0x00000217b722d500: 8974 2408 | 4c89 3c24 | 4c8b e448 | 83ec 2048 | 83e4 f048 | b8d0 f180 | f4fd 7f00 | 00ff d049 
  0x00000217b722d520: 8be4 4c8b | 3c24 4c8b | 7424 084c | 8b6c 2410 | 4c8b 6424 | 184c 8b5c | 2420 4c8b | 5424 284c 
  0x00000217b722d540: 8b4c 2430 | 4c8b 4424 | 3848 8b7c | 2440 488b | 7424 4848 | 8b6c 2450 | 488b 5c24 | 6048 8b54 
  0x00000217b722d560: 2468 488b | 4c24 7048 | 8b44 2478 | 4881 c480 | 0000 004d | 33e4 488b | 5de8 4c8b | 6b08 4d8d 
  0x00000217b722d580: 6d38 4983 | 7f08 000f | 84bb 0000 | 00e8 0500 | 0000 e996 | 0000 0048 | 8d44 2408 | 4c89 6dc0 
  0x00000217b722d5a0: 498b cfc5 | f877 4989 | afb0 0300 | 0049 8987 | a003 0000 | 4883 ec20 | 40f6 c40f | 0f84 1900 
  0x00000217b722d5c0: 0000 4883 | ec08 48b8 | 60ec 49f4 | fd7f 0000 | ffd0 4883 | c408 e90c | 0000 0048 | b860 ec49 
  0x00000217b722d5e0: f4fd 7f00 | 00ff d048 | 83c4 2049 | c787 a003 | 0000 0000 | 0000 49c7 | 87b0 0300 | 0000 0000 
  0x00000217b722d600: 0049 c787 | a803 0000 | 0000 0000 | c5f8 7749 | 837f 0800 | 0f84 0500 | 0000 e9e1 | 38ff ff4c 
  0x00000217b722d620: 8b6d c04c | 8b75 c84e | 8d74 f500 | c348 b9c0 | 28a8 f4fd | 7f00 0048 | 83e4 f048 | b830 996f 
  0x00000217b722d640: f4fd 7f00 | 00ff d0f4 | 448b 5b28 | 41f6 c320 | 0f84 4401 | 0000 488d | 55a8 4c8b | 5a08 4d85 
  0x00000217b722d660: db0f 85bb | 0000 00e8 | 0500 0000 | e996 0000 | 0048 8d44 | 2408 4c89 | 6dc0 498b | cfc5 f877 
  0x00000217b722d680: 4989 afb0 | 0300 0049 | 8987 a003 | 0000 4883 | ec20 40f6 | c40f 0f84 | 1900 0000 | 4883 ec08 
  0x00000217b722d6a0: 48b8 90eb | 49f4 fd7f | 0000 ffd0 | 4883 c408 | e90c 0000 | 0048 b890 | eb49 f4fd | 7f00 00ff 
  0x00000217b722d6c0: d048 83c4 | 2049 c787 | a003 0000 | 0000 0000 | 49c7 87b0 | 0300 0000 | 0000 0049 | c787 a803 
  0x00000217b722d6e0: 0000 0000 | 0000 c5f8 | 7749 837f | 0800 0f84 | 0500 0000 | e907 38ff | ff4c 8b6d | c04c 8b75 
  0x00000217b722d700: c84e 8d74 | f500 c348 | b9c0 28a8 | f4fd 7f00 | 0048 83e4 | f048 b830 | 996f f4fd | 7f00 00ff 
  0x00000217b722d720: d0f4 4c89 | 6dc0 488d | 024c 8b4a | 0848 c742 | 0800 0000 | 004c 8b00 | 4d85 c00f | 840b 0000 
  0x00000217b722d740: 00f0 4d0f | b101 0f85 | 0c00 0000 | 49ff 8f58 | 0500 00e9 | 3e00 0000 | 4c89 4a08 | 488b ca48 
  0x00000217b722d760: 83ec 2040 | f6c4 0f0f | 8419 0000 | 0048 83ec | 0848 b820 | be49 f4fd | 7f00 00ff | d048 83c4 
  0x00000217b722d780: 08e9 0c00 | 0000 48b8 | 20be 49f4 | fd7f 0000 | ffd0 4883 | c420 4c8b | 6dc0 49ba | 6c40 d0f4 
  0x00000217b722d7a0: fd7f 0000 | 4180 3a00 | 0f84 3e00 | 0000 488b | 55e8 498b | cf48 83ec | 2040 f6c4 | 0f0f 8419 
  0x00000217b722d7c0: 0000 0048 | 83ec 0848 | b880 b980 | f4fd 7f00 | 00ff d048 | 83c4 08e9 | 0c00 0000 | 48b8 80b9 
  0x00000217b722d7e0: 80f4 fd7f | 0000 ffd0 | 4883 c420 | 488b 0424 | 4883 c410 | c5fb 1004 | 2448 83c4 | 104c 8b5d 
  0x00000217b722d800: 1841 ffd3 | 4c8b 5df8 | c95f 498b | e3ff e7ba | 0000 0000 | e805 0000 | 00e9 9600 | 0000 488d 
  0x00000217b722d820: 4424 084c | 896d c049 | 8bcf c5f8 | 7749 89af | b003 0000 | 4989 87a0 | 0300 0048 | 83ec 2040 
  0x00000217b722d840: f6c4 0f0f | 8419 0000 | 0048 83ec | 0848 b8e0 | b149 f4fd | 7f00 00ff | d048 83c4 | 08e9 0c00 
  0x00000217b722d860: 0000 48b8 | e0b1 49f4 | fd7f 0000 | ffd0 4883 | c420 49c7 | 87a0 0300 | 0000 0000 | 0049 c787 
  0x00000217b722d880: b003 0000 | 0000 0000 | 49c7 87a8 | 0300 0000 | 0000 00c5 | f877 4983 | 7f08 000f | 8405 0000 
  0x00000217b722d8a0: 00e9 5a36 | ffff 4c8b | 6dc0 4c8b | 75c8 4e8d | 74f5 00c3 | 488b 5de8 | e95b f5ff | ff66 6690 
[/MachCode]

---------------  P R O C E S S  ---------------

Threads class SMR info:
_java_thread_list=0x00000217c7a41ff0, length=16, elements={
0x00000217c756df80, 0x00000217c75700e0, 0x00000217c7570e30, 0x00000217c75724c0,
0x00000217c7573010, 0x00000217c7573c90, 0x00000217c75830c0, 0x00000217c7585d80,
0x00000217c779c660, 0x00000217c795f910, 0x00000217c795ff80, 0x00000217c7a4c5d0,
0x00000217c7a50fd0, 0x00000217c7a56bd0, 0x000002180e34d550, 0x00000217a5844e90
}

Java Threads: ( => current thread )
  0x00000217c756df80 JavaThread "Reference Handler"          daemon [_thread_blocked, id=3856, stack(0x0000009096900000,0x0000009096a00000) (1024K)]
  0x00000217c75700e0 JavaThread "Finalizer"                  daemon [_thread_blocked, id=25988, stack(0x0000009096a00000,0x0000009096b00000) (1024K)]
  0x00000217c7570e30 JavaThread "Signal Dispatcher"          daemon [_thread_blocked, id=11332, stack(0x0000009096b00000,0x0000009096c00000) (1024K)]
  0x00000217c75724c0 JavaThread "Attach Listener"            daemon [_thread_blocked, id=32676, stack(0x0000009096c00000,0x0000009096d00000) (1024K)]
  0x00000217c7573010 JavaThread "Service Thread"             daemon [_thread_blocked, id=8492, stack(0x0000009096d00000,0x0000009096e00000) (1024K)]
  0x00000217c7573c90 JavaThread "Monitor Deflation Thread"   daemon [_thread_blocked, id=14988, stack(0x0000009096e00000,0x0000009096f00000) (1024K)]
  0x00000217c75830c0 JavaThread "C2 CompilerThread0"         daemon [_thread_blocked, id=26512, stack(0x0000009096f00000,0x0000009097000000) (1024K)]
  0x00000217c7585d80 JavaThread "C1 CompilerThread0"         daemon [_thread_blocked, id=31676, stack(0x0000009097000000,0x0000009097100000) (1024K)]
  0x00000217c779c660 JavaThread "Common-Cleaner"             daemon [_thread_blocked, id=26772, stack(0x0000009097300000,0x0000009097400000) (1024K)]
  0x00000217c795f910 JavaThread "Monitor Ctrl-Break"         daemon [_thread_in_native, id=25704, stack(0x0000009097500000,0x0000009097600000) (1024K)]
  0x00000217c795ff80 JavaThread "Notification Thread"        daemon [_thread_blocked, id=3468, stack(0x0000009097600000,0x0000009097700000) (1024K)]
  0x00000217c7a4c5d0 JavaThread "Java2D Disposer"            daemon [_thread_blocked, id=24896, stack(0x0000009097700000,0x0000009097800000) (1024K)]
  0x00000217c7a50fd0 JavaThread "AWT-Shutdown"                      [_thread_blocked, id=3508, stack(0x0000009097800000,0x0000009097900000) (1024K)]
=>0x00000217c7a56bd0 JavaThread "AWT-Windows"                daemon [_thread_in_native, id=32372, stack(0x0000009097900000,0x0000009097a00000) (1024K)]
  0x000002180e34d550 JavaThread "AWT-EventQueue-0"                  [_thread_in_native, id=29224, stack(0x0000009097a00000,0x0000009097b00000) (1024K)]
  0x00000217a5844e90 JavaThread "DestroyJavaVM"                     [_thread_blocked, id=12788, stack(0x0000009096100000,0x0000009096200000) (1024K)]
Total: 16

Other Threads:
  0x00000217c7553520 VMThread "VM Thread"                           [id=7052, stack(0x0000009096800000,0x0000009096900000) (1024K)]
  0x00000217c7537a60 WatcherThread "VM Periodic Task Thread"        [id=14728, stack(0x0000009096700000,0x0000009096800000) (1024K)]
  0x00000217a590df40 WorkerThread "GC Thread#0"                     [id=23268, stack(0x0000009096200000,0x0000009096300000) (1024K)]
  0x00000217a7af4a30 ConcurrentGCThread "G1 Main Marker"            [id=11620, stack(0x0000009096300000,0x0000009096400000) (1024K)]
  0x00000217a7af5540 WorkerThread "G1 Conc#0"                       [id=19648, stack(0x0000009096400000,0x0000009096500000) (1024K)]
  0x00000217c740a6b0 ConcurrentGCThread "G1 Refine#0"               [id=32380, stack(0x0000009096500000,0x0000009096600000) (1024K)]
  0x00000217c740b040 ConcurrentGCThread "G1 Service"                [id=14096, stack(0x0000009096600000,0x0000009096700000) (1024K)]
Total: 7

Threads with active compile tasks:
Total: 0

VM state: not at safepoint (normal execution)

VM Mutex/Monitor currently owned by a thread: None

Heap address: 0x0000000704600000, size: 4026 MB, Compressed Oops mode: Zero based, Oop shift amount: 3

CDS archive(s) mapped at: [0x00000217c8000000-0x00000217c8c60000-0x00000217c8c60000), size 12976128, SharedBaseAddress: 0x00000217c8000000, ArchiveRelocationMode: 1.
Compressed class space mapped at: 0x00000217c9000000-0x0000021809000000, reserved size: 1073741824
Narrow klass base: 0x00000217c8000000, Narrow klass shift: 0, Narrow klass range: 0x41000000

GC Precious Log:
 CardTable entry size: 512
 Card Set container configuration: InlinePtr #cards 4 size 8 Array Of Cards #cards 16 size 48 Howl #buckets 8 coarsen threshold 3686 Howl Bitmap #cards 512 size 80 coarsen threshold 460 Card regions per heap region 1 cards per card region 4096
 CPUs: 16 total, 16 available
 Memory: 16103M
 Large Page Support: Disabled
 NUMA Support: Disabled
 Compressed Oops: Enabled (Zero based)
 Heap Region Size: 2M
 Heap Min Capacity: 8M
 Heap Initial Capacity: 252M
 Heap Max Capacity: 4026M
 Pre-touch: Disabled
 Parallel Workers: 13
 Concurrent Workers: 3
 Concurrent Refinement Workers: 13
 Periodic GC: Disabled

Heap:
 garbage-first heap   total reserved 4122624K, committed 258048K, used 32768K [0x0000000704600000, 0x0000000800000000)
  region size 2048K, 12 young (24576K), 0 survivors (0K)
 Metaspace       used 7365K, committed 7616K, reserved 1114112K
  class space    used 748K, committed 896K, reserved 1048576K

Heap Regions: E=young(eden), S=young(survivor), O=old, HS=humongous(starts), HC=humongous(continues), CS=collection set, F=free, TAMS=top-at-mark-start, PB=parsable bottom
|   0|0x0000000704600000, 0x0000000704800000, 0x0000000704800000|100%|HS|  |TAMS 0x0000000704600000| PB 0x0000000704600000| Complete |  0
|   1|0x0000000704800000, 0x0000000704a00000, 0x0000000704a00000|100%|HC|  |TAMS 0x0000000704800000| PB 0x0000000704800000| Complete |  0
|   2|0x0000000704a00000, 0x0000000704c00000, 0x0000000704c00000|100%|HC|  |TAMS 0x0000000704a00000| PB 0x0000000704a00000| Complete |  0
|   3|0x0000000704c00000, 0x0000000704e00000, 0x0000000704e00000|100%|HC|  |TAMS 0x0000000704c00000| PB 0x0000000704c00000| Complete |  0
|   4|0x0000000704e00000, 0x0000000705000000, 0x0000000705000000|100%|HC|  |TAMS 0x0000000704e00000| PB 0x0000000704e00000| Complete |  0
|   5|0x0000000705000000, 0x0000000705000000, 0x0000000705200000|  0%| F|  |TAMS 0x0000000705000000| PB 0x0000000705000000| Untracked |  0
|   6|0x0000000705200000, 0x0000000705200000, 0x0000000705400000|  0%| F|  |TAMS 0x0000000705200000| PB 0x0000000705200000| Untracked |  0
|   7|0x0000000705400000, 0x0000000705400000, 0x0000000705600000|  0%| F|  |TAMS 0x0000000705400000| PB 0x0000000705400000| Untracked |  0
|   8|0x0000000705600000, 0x0000000705600000, 0x0000000705800000|  0%| F|  |TAMS 0x0000000705600000| PB 0x0000000705600000| Untracked |  0
|   9|0x0000000705800000, 0x0000000705800000, 0x0000000705a00000|  0%| F|  |TAMS 0x0000000705800000| PB 0x0000000705800000| Untracked |  0
|  10|0x0000000705a00000, 0x0000000705a00000, 0x0000000705c00000|  0%| F|  |TAMS 0x0000000705a00000| PB 0x0000000705a00000| Untracked |  0
|  11|0x0000000705c00000, 0x0000000705c00000, 0x0000000705e00000|  0%| F|  |TAMS 0x0000000705c00000| PB 0x0000000705c00000| Untracked |  0
|  12|0x0000000705e00000, 0x0000000705e00000, 0x0000000706000000|  0%| F|  |TAMS 0x0000000705e00000| PB 0x0000000705e00000| Untracked |  0
|  13|0x0000000706000000, 0x0000000706000000, 0x0000000706200000|  0%| F|  |TAMS 0x0000000706000000| PB 0x0000000706000000| Untracked |  0
|  14|0x0000000706200000, 0x0000000706200000, 0x0000000706400000|  0%| F|  |TAMS 0x0000000706200000| PB 0x0000000706200000| Untracked |  0
|  15|0x0000000706400000, 0x0000000706400000, 0x0000000706600000|  0%| F|  |TAMS 0x0000000706400000| PB 0x0000000706400000| Untracked |  0
|  16|0x0000000706600000, 0x0000000706600000, 0x0000000706800000|  0%| F|  |TAMS 0x0000000706600000| PB 0x0000000706600000| Untracked |  0
|  17|0x0000000706800000, 0x0000000706800000, 0x0000000706a00000|  0%| F|  |TAMS 0x0000000706800000| PB 0x0000000706800000| Untracked |  0
|  18|0x0000000706a00000, 0x0000000706a00000, 0x0000000706c00000|  0%| F|  |TAMS 0x0000000706a00000| PB 0x0000000706a00000| Untracked |  0
|  19|0x0000000706c00000, 0x0000000706c00000, 0x0000000706e00000|  0%| F|  |TAMS 0x0000000706c00000| PB 0x0000000706c00000| Untracked |  0
|  20|0x0000000706e00000, 0x0000000706e00000, 0x0000000707000000|  0%| F|  |TAMS 0x0000000706e00000| PB 0x0000000706e00000| Untracked |  0
|  21|0x0000000707000000, 0x0000000707000000, 0x0000000707200000|  0%| F|  |TAMS 0x0000000707000000| PB 0x0000000707000000| Untracked |  0
|  22|0x0000000707200000, 0x0000000707200000, 0x0000000707400000|  0%| F|  |TAMS 0x0000000707200000| PB 0x0000000707200000| Untracked |  0
|  23|0x0000000707400000, 0x0000000707400000, 0x0000000707600000|  0%| F|  |TAMS 0x0000000707400000| PB 0x0000000707400000| Untracked |  0
|  24|0x0000000707600000, 0x0000000707600000, 0x0000000707800000|  0%| F|  |TAMS 0x0000000707600000| PB 0x0000000707600000| Untracked |  0
|  25|0x0000000707800000, 0x0000000707800000, 0x0000000707a00000|  0%| F|  |TAMS 0x0000000707800000| PB 0x0000000707800000| Untracked |  0
|  26|0x0000000707a00000, 0x0000000707a00000, 0x0000000707c00000|  0%| F|  |TAMS 0x0000000707a00000| PB 0x0000000707a00000| Untracked |  0
|  27|0x0000000707c00000, 0x0000000707c00000, 0x0000000707e00000|  0%| F|  |TAMS 0x0000000707c00000| PB 0x0000000707c00000| Untracked |  0
|  28|0x0000000707e00000, 0x0000000707e00000, 0x0000000708000000|  0%| F|  |TAMS 0x0000000707e00000| PB 0x0000000707e00000| Untracked |  0
|  29|0x0000000708000000, 0x0000000708000000, 0x0000000708200000|  0%| F|  |TAMS 0x0000000708000000| PB 0x0000000708000000| Untracked |  0
|  30|0x0000000708200000, 0x0000000708200000, 0x0000000708400000|  0%| F|  |TAMS 0x0000000708200000| PB 0x0000000708200000| Untracked |  0
|  31|0x0000000708400000, 0x0000000708400000, 0x0000000708600000|  0%| F|  |TAMS 0x0000000708400000| PB 0x0000000708400000| Untracked |  0
|  32|0x0000000708600000, 0x0000000708600000, 0x0000000708800000|  0%| F|  |TAMS 0x0000000708600000| PB 0x0000000708600000| Untracked |  0
|  33|0x0000000708800000, 0x0000000708800000, 0x0000000708a00000|  0%| F|  |TAMS 0x0000000708800000| PB 0x0000000708800000| Untracked |  0
|  34|0x0000000708a00000, 0x0000000708a00000, 0x0000000708c00000|  0%| F|  |TAMS 0x0000000708a00000| PB 0x0000000708a00000| Untracked |  0
|  35|0x0000000708c00000, 0x0000000708c00000, 0x0000000708e00000|  0%| F|  |TAMS 0x0000000708c00000| PB 0x0000000708c00000| Untracked |  0
|  36|0x0000000708e00000, 0x0000000708e00000, 0x0000000709000000|  0%| F|  |TAMS 0x0000000708e00000| PB 0x0000000708e00000| Untracked |  0
|  37|0x0000000709000000, 0x0000000709000000, 0x0000000709200000|  0%| F|  |TAMS 0x0000000709000000| PB 0x0000000709000000| Untracked |  0
|  38|0x0000000709200000, 0x0000000709200000, 0x0000000709400000|  0%| F|  |TAMS 0x0000000709200000| PB 0x0000000709200000| Untracked |  0
|  39|0x0000000709400000, 0x0000000709400000, 0x0000000709600000|  0%| F|  |TAMS 0x0000000709400000| PB 0x0000000709400000| Untracked |  0
|  40|0x0000000709600000, 0x0000000709600000, 0x0000000709800000|  0%| F|  |TAMS 0x0000000709600000| PB 0x0000000709600000| Untracked |  0
|  41|0x0000000709800000, 0x0000000709800000, 0x0000000709a00000|  0%| F|  |TAMS 0x0000000709800000| PB 0x0000000709800000| Untracked |  0
|  42|0x0000000709a00000, 0x0000000709a00000, 0x0000000709c00000|  0%| F|  |TAMS 0x0000000709a00000| PB 0x0000000709a00000| Untracked |  0
|  43|0x0000000709c00000, 0x0000000709c00000, 0x0000000709e00000|  0%| F|  |TAMS 0x0000000709c00000| PB 0x0000000709c00000| Untracked |  0
|  44|0x0000000709e00000, 0x0000000709e00000, 0x000000070a000000|  0%| F|  |TAMS 0x0000000709e00000| PB 0x0000000709e00000| Untracked |  0
|  45|0x000000070a000000, 0x000000070a000000, 0x000000070a200000|  0%| F|  |TAMS 0x000000070a000000| PB 0x000000070a000000| Untracked |  0
|  46|0x000000070a200000, 0x000000070a200000, 0x000000070a400000|  0%| F|  |TAMS 0x000000070a200000| PB 0x000000070a200000| Untracked |  0
|  47|0x000000070a400000, 0x000000070a400000, 0x000000070a600000|  0%| F|  |TAMS 0x000000070a400000| PB 0x000000070a400000| Untracked |  0
|  48|0x000000070a600000, 0x000000070a600000, 0x000000070a800000|  0%| F|  |TAMS 0x000000070a600000| PB 0x000000070a600000| Untracked |  0
|  49|0x000000070a800000, 0x000000070a800000, 0x000000070aa00000|  0%| F|  |TAMS 0x000000070a800000| PB 0x000000070a800000| Untracked |  0
|  50|0x000000070aa00000, 0x000000070aa00000, 0x000000070ac00000|  0%| F|  |TAMS 0x000000070aa00000| PB 0x000000070aa00000| Untracked |  0
|  51|0x000000070ac00000, 0x000000070ac00000, 0x000000070ae00000|  0%| F|  |TAMS 0x000000070ac00000| PB 0x000000070ac00000| Untracked |  0
|  52|0x000000070ae00000, 0x000000070ae00000, 0x000000070b000000|  0%| F|  |TAMS 0x000000070ae00000| PB 0x000000070ae00000| Untracked |  0
|  53|0x000000070b000000, 0x000000070b000000, 0x000000070b200000|  0%| F|  |TAMS 0x000000070b000000| PB 0x000000070b000000| Untracked |  0
|  54|0x000000070b200000, 0x000000070b200000, 0x000000070b400000|  0%| F|  |TAMS 0x000000070b200000| PB 0x000000070b200000| Untracked |  0
|  55|0x000000070b400000, 0x000000070b400000, 0x000000070b600000|  0%| F|  |TAMS 0x000000070b400000| PB 0x000000070b400000| Untracked |  0
|  56|0x000000070b600000, 0x000000070b600000, 0x000000070b800000|  0%| F|  |TAMS 0x000000070b600000| PB 0x000000070b600000| Untracked |  0
|  57|0x000000070b800000, 0x000000070b800000, 0x000000070ba00000|  0%| F|  |TAMS 0x000000070b800000| PB 0x000000070b800000| Untracked |  0
|  58|0x000000070ba00000, 0x000000070ba00000, 0x000000070bc00000|  0%| F|  |TAMS 0x000000070ba00000| PB 0x000000070ba00000| Untracked |  0
|  59|0x000000070bc00000, 0x000000070bc00000, 0x000000070be00000|  0%| F|  |TAMS 0x000000070bc00000| PB 0x000000070bc00000| Untracked |  0
|  60|0x000000070be00000, 0x000000070be00000, 0x000000070c000000|  0%| F|  |TAMS 0x000000070be00000| PB 0x000000070be00000| Untracked |  0
|  61|0x000000070c000000, 0x000000070c000000, 0x000000070c200000|  0%| F|  |TAMS 0x000000070c000000| PB 0x000000070c000000| Untracked |  0
|  62|0x000000070c200000, 0x000000070c200000, 0x000000070c400000|  0%| F|  |TAMS 0x000000070c200000| PB 0x000000070c200000| Untracked |  0
|  63|0x000000070c400000, 0x000000070c400000, 0x000000070c600000|  0%| F|  |TAMS 0x000000070c400000| PB 0x000000070c400000| Untracked |  0
|  64|0x000000070c600000, 0x000000070c600000, 0x000000070c800000|  0%| F|  |TAMS 0x000000070c600000| PB 0x000000070c600000| Untracked |  0
|  65|0x000000070c800000, 0x000000070c800000, 0x000000070ca00000|  0%| F|  |TAMS 0x000000070c800000| PB 0x000000070c800000| Untracked |  0
|  66|0x000000070ca00000, 0x000000070ca00000, 0x000000070cc00000|  0%| F|  |TAMS 0x000000070ca00000| PB 0x000000070ca00000| Untracked |  0
|  67|0x000000070cc00000, 0x000000070cc00000, 0x000000070ce00000|  0%| F|  |TAMS 0x000000070cc00000| PB 0x000000070cc00000| Untracked |  0
|  68|0x000000070ce00000, 0x000000070ce00000, 0x000000070d000000|  0%| F|  |TAMS 0x000000070ce00000| PB 0x000000070ce00000| Untracked |  0
|  69|0x000000070d000000, 0x000000070d000000, 0x000000070d200000|  0%| F|  |TAMS 0x000000070d000000| PB 0x000000070d000000| Untracked |  0
|  70|0x000000070d200000, 0x000000070d200000, 0x000000070d400000|  0%| F|  |TAMS 0x000000070d200000| PB 0x000000070d200000| Untracked |  0
|  71|0x000000070d400000, 0x000000070d400000, 0x000000070d600000|  0%| F|  |TAMS 0x000000070d400000| PB 0x000000070d400000| Untracked |  0
|  72|0x000000070d600000, 0x000000070d600000, 0x000000070d800000|  0%| F|  |TAMS 0x000000070d600000| PB 0x000000070d600000| Untracked |  0
|  73|0x000000070d800000, 0x000000070d800000, 0x000000070da00000|  0%| F|  |TAMS 0x000000070d800000| PB 0x000000070d800000| Untracked |  0
|  74|0x000000070da00000, 0x000000070da00000, 0x000000070dc00000|  0%| F|  |TAMS 0x000000070da00000| PB 0x000000070da00000| Untracked |  0
|  75|0x000000070dc00000, 0x000000070dc00000, 0x000000070de00000|  0%| F|  |TAMS 0x000000070dc00000| PB 0x000000070dc00000| Untracked |  0
|  76|0x000000070de00000, 0x000000070de00000, 0x000000070e000000|  0%| F|  |TAMS 0x000000070de00000| PB 0x000000070de00000| Untracked |  0
|  77|0x000000070e000000, 0x000000070e000000, 0x000000070e200000|  0%| F|  |TAMS 0x000000070e000000| PB 0x000000070e000000| Untracked |  0
|  78|0x000000070e200000, 0x000000070e200000, 0x000000070e400000|  0%| F|  |TAMS 0x000000070e200000| PB 0x000000070e200000| Untracked |  0
|  79|0x000000070e400000, 0x000000070e400000, 0x000000070e600000|  0%| F|  |TAMS 0x000000070e400000| PB 0x000000070e400000| Untracked |  0
|  80|0x000000070e600000, 0x000000070e600000, 0x000000070e800000|  0%| F|  |TAMS 0x000000070e600000| PB 0x000000070e600000| Untracked |  0
|  81|0x000000070e800000, 0x000000070e800000, 0x000000070ea00000|  0%| F|  |TAMS 0x000000070e800000| PB 0x000000070e800000| Untracked |  0
|  82|0x000000070ea00000, 0x000000070ea00000, 0x000000070ec00000|  0%| F|  |TAMS 0x000000070ea00000| PB 0x000000070ea00000| Untracked |  0
|  83|0x000000070ec00000, 0x000000070ec00000, 0x000000070ee00000|  0%| F|  |TAMS 0x000000070ec00000| PB 0x000000070ec00000| Untracked |  0
|  84|0x000000070ee00000, 0x000000070ee00000, 0x000000070f000000|  0%| F|  |TAMS 0x000000070ee00000| PB 0x000000070ee00000| Untracked |  0
|  85|0x000000070f000000, 0x000000070f000000, 0x000000070f200000|  0%| F|  |TAMS 0x000000070f000000| PB 0x000000070f000000| Untracked |  0
|  86|0x000000070f200000, 0x000000070f200000, 0x000000070f400000|  0%| F|  |TAMS 0x000000070f200000| PB 0x000000070f200000| Untracked |  0
|  87|0x000000070f400000, 0x000000070f400000, 0x000000070f600000|  0%| F|  |TAMS 0x000000070f400000| PB 0x000000070f400000| Untracked |  0
|  88|0x000000070f600000, 0x000000070f600000, 0x000000070f800000|  0%| F|  |TAMS 0x000000070f600000| PB 0x000000070f600000| Untracked |  0
|  89|0x000000070f800000, 0x000000070f800000, 0x000000070fa00000|  0%| F|  |TAMS 0x000000070f800000| PB 0x000000070f800000| Untracked |  0
|  90|0x000000070fa00000, 0x000000070fa00000, 0x000000070fc00000|  0%| F|  |TAMS 0x000000070fa00000| PB 0x000000070fa00000| Untracked |  0
|  91|0x000000070fc00000, 0x000000070fc00000, 0x000000070fe00000|  0%| F|  |TAMS 0x000000070fc00000| PB 0x000000070fc00000| Untracked |  0
|  92|0x000000070fe00000, 0x000000070fe00000, 0x0000000710000000|  0%| F|  |TAMS 0x000000070fe00000| PB 0x000000070fe00000| Untracked |  0
|  93|0x0000000710000000, 0x0000000710000000, 0x0000000710200000|  0%| F|  |TAMS 0x0000000710000000| PB 0x0000000710000000| Untracked |  0
|  94|0x0000000710200000, 0x0000000710200000, 0x0000000710400000|  0%| F|  |TAMS 0x0000000710200000| PB 0x0000000710200000| Untracked |  0
|  95|0x0000000710400000, 0x0000000710400000, 0x0000000710600000|  0%| F|  |TAMS 0x0000000710400000| PB 0x0000000710400000| Untracked |  0
|  96|0x0000000710600000, 0x0000000710600000, 0x0000000710800000|  0%| F|  |TAMS 0x0000000710600000| PB 0x0000000710600000| Untracked |  0
|  97|0x0000000710800000, 0x0000000710800000, 0x0000000710a00000|  0%| F|  |TAMS 0x0000000710800000| PB 0x0000000710800000| Untracked |  0
|  98|0x0000000710a00000, 0x0000000710a00000, 0x0000000710c00000|  0%| F|  |TAMS 0x0000000710a00000| PB 0x0000000710a00000| Untracked |  0
|  99|0x0000000710c00000, 0x0000000710c00000, 0x0000000710e00000|  0%| F|  |TAMS 0x0000000710c00000| PB 0x0000000710c00000| Untracked |  0
| 100|0x0000000710e00000, 0x0000000710e00000, 0x0000000711000000|  0%| F|  |TAMS 0x0000000710e00000| PB 0x0000000710e00000| Untracked |  0
| 101|0x0000000711000000, 0x0000000711000000, 0x0000000711200000|  0%| F|  |TAMS 0x0000000711000000| PB 0x0000000711000000| Untracked |  0
| 102|0x0000000711200000, 0x0000000711200000, 0x0000000711400000|  0%| F|  |TAMS 0x0000000711200000| PB 0x0000000711200000| Untracked |  0
| 103|0x0000000711400000, 0x0000000711400000, 0x0000000711600000|  0%| F|  |TAMS 0x0000000711400000| PB 0x0000000711400000| Untracked |  0
| 104|0x0000000711600000, 0x0000000711600000, 0x0000000711800000|  0%| F|  |TAMS 0x0000000711600000| PB 0x0000000711600000| Untracked |  0
| 105|0x0000000711800000, 0x0000000711800000, 0x0000000711a00000|  0%| F|  |TAMS 0x0000000711800000| PB 0x0000000711800000| Untracked |  0
| 106|0x0000000711a00000, 0x0000000711a00000, 0x0000000711c00000|  0%| F|  |TAMS 0x0000000711a00000| PB 0x0000000711a00000| Untracked |  0
| 107|0x0000000711c00000, 0x0000000711c00000, 0x0000000711e00000|  0%| F|  |TAMS 0x0000000711c00000| PB 0x0000000711c00000| Untracked |  0
| 108|0x0000000711e00000, 0x0000000711e00000, 0x0000000712000000|  0%| F|  |TAMS 0x0000000711e00000| PB 0x0000000711e00000| Untracked |  0
| 109|0x0000000712000000, 0x0000000712000000, 0x0000000712200000|  0%| F|  |TAMS 0x0000000712000000| PB 0x0000000712000000| Untracked |  0
| 110|0x0000000712200000, 0x0000000712200000, 0x0000000712400000|  0%| F|  |TAMS 0x0000000712200000| PB 0x0000000712200000| Untracked |  0
| 111|0x0000000712400000, 0x0000000712400000, 0x0000000712600000|  0%| F|  |TAMS 0x0000000712400000| PB 0x0000000712400000| Untracked |  0
| 112|0x0000000712600000, 0x0000000712600000, 0x0000000712800000|  0%| F|  |TAMS 0x0000000712600000| PB 0x0000000712600000| Untracked |  0
| 113|0x0000000712800000, 0x0000000712800000, 0x0000000712a00000|  0%| F|  |TAMS 0x0000000712800000| PB 0x0000000712800000| Untracked |  0
| 114|0x0000000712a00000, 0x0000000712beb9a8, 0x0000000712c00000| 96%| E|  |TAMS 0x0000000712a00000| PB 0x0000000712a00000| Complete |  0
| 115|0x0000000712c00000, 0x0000000712e00000, 0x0000000712e00000|100%| E|CS|TAMS 0x0000000712c00000| PB 0x0000000712c00000| Complete |  0
| 116|0x0000000712e00000, 0x0000000713000000, 0x0000000713000000|100%| E|CS|TAMS 0x0000000712e00000| PB 0x0000000712e00000| Complete |  0
| 117|0x0000000713000000, 0x0000000713200000, 0x0000000713200000|100%| E|CS|TAMS 0x0000000713000000| PB 0x0000000713000000| Complete |  0
| 118|0x0000000713200000, 0x0000000713400000, 0x0000000713400000|100%| E|CS|TAMS 0x0000000713200000| PB 0x0000000713200000| Complete |  0
| 119|0x0000000713400000, 0x0000000713600000, 0x0000000713600000|100%| E|CS|TAMS 0x0000000713400000| PB 0x0000000713400000| Complete |  0
| 120|0x0000000713600000, 0x0000000713800000, 0x0000000713800000|100%| E|CS|TAMS 0x0000000713600000| PB 0x0000000713600000| Complete |  0
| 121|0x0000000713800000, 0x0000000713a00000, 0x0000000713a00000|100%| E|CS|TAMS 0x0000000713800000| PB 0x0000000713800000| Complete |  0
| 122|0x0000000713a00000, 0x0000000713c00000, 0x0000000713c00000|100%| E|CS|TAMS 0x0000000713a00000| PB 0x0000000713a00000| Complete |  0
| 123|0x0000000713c00000, 0x0000000713e00000, 0x0000000713e00000|100%| E|CS|TAMS 0x0000000713c00000| PB 0x0000000713c00000| Complete |  0
| 124|0x0000000713e00000, 0x0000000714000000, 0x0000000714000000|100%| E|CS|TAMS 0x0000000713e00000| PB 0x0000000713e00000| Complete |  0
| 125|0x0000000714000000, 0x0000000714200000, 0x0000000714200000|100%| E|CS|TAMS 0x0000000714000000| PB 0x0000000714000000| Complete |  0

Card table byte_map: [0x00000217bfe30000,0x00000217c0610000] _byte_map_base: 0x00000217bc60d000

Marking Bits: (CMBitMap*) 0x00000217a590e650
 Bits: [0x00000217c0610000, 0x00000217c44f8000)

Polling page: 0x00000217a59e0000

Metaspace:

Usage:
  Non-class:      6.46 MB used.
      Class:    748.23 KB used.
       Both:      7.19 MB used.

Virtual space:
  Non-class space:       64.00 MB reserved,       6.56 MB ( 10%) committed,  1 nodes.
      Class space:        1.00 GB reserved,     896.00 KB ( <1%) committed,  1 nodes.
             Both:        1.06 GB reserved,       7.44 MB ( <1%) committed. 

Chunk freelists:
   Non-Class:  9.02 MB
       Class:  15.10 MB
        Both:  24.12 MB

MaxMetaspaceSize: unlimited
CompressedClassSpaceSize: 1.00 GB
Initial GC threshold: 21.00 MB
Current GC threshold: 21.00 MB
CDS: on
 - commit_granule_bytes: 65536.
 - commit_granule_words: 8192.
 - virtual_space_node_default_size: 8388608.
 - enlarge_chunks_in_place: 1.
 - use_allocation_guard: 0.


Internal statistics:

num_allocs_failed_limit: 0.
num_arena_births: 172.
num_arena_deaths: 0.
num_vsnodes_births: 2.
num_vsnodes_deaths: 0.
num_space_committed: 119.
num_space_uncommitted: 0.
num_chunks_returned_to_freelist: 0.
num_chunks_taken_from_freelist: 223.
num_chunk_merges: 0.
num_chunk_splits: 130.
num_chunks_enlarged: 50.
num_inconsistent_stats: 0.

CodeHeap 'non-profiled nmethods': size=119168Kb used=920Kb max_used=920Kb free=118247Kb
 bounds [0x00000217b7970000, 0x00000217b7be0000, 0x00000217bedd0000]
CodeHeap 'profiled nmethods': size=119104Kb used=2708Kb max_used=2708Kb free=116395Kb
 bounds [0x00000217afdd0000, 0x00000217b0080000, 0x00000217b7220000]
CodeHeap 'non-nmethods': size=7488Kb used=1719Kb max_used=3421Kb free=5768Kb
 bounds [0x00000217b7220000, 0x00000217b7580000, 0x00000217b7970000]
 total_blobs=2235 nmethods=1627 adapters=512
 compilation: enabled
              stopped_count=0, restarted_count=0
 full_count=0

Compilation events (20 events):
Event: 160.069 Thread 0x00000217c7585d80 1618       1       sun.java2d.SunGraphics2D::setBackground (6 bytes)
Event: 160.069 Thread 0x00000217c7585d80 nmethod 1618 0x00000217b7a50910 code [0x00000217b7a50aa0, 0x00000217b7a50bc0]
Event: 160.517 Thread 0x00000217c75830c0 1619       4       sun.awt.windows.WComponentPeer::postEvent (17 bytes)
Event: 160.527 Thread 0x00000217c75830c0 nmethod 1619 0x00000217b7a50c10 code [0x00000217b7a50e60, 0x00000217b7a51818]
Event: 160.883 Thread 0x00000217c75830c0 1620   !   4       java.awt.Window::getInputContext (36 bytes)
Event: 160.885 Thread 0x00000217c75830c0 nmethod 1620 0x00000217b7a51f90 code [0x00000217b7a52120, 0x00000217b7a52378]
Event: 162.645 Thread 0x00000217c75830c0 1621       4       java.util.concurrent.locks.ReentrantLock$NonfairSync::tryAcquire (27 bytes)
Event: 162.647 Thread 0x00000217c75830c0 nmethod 1621 0x00000217b7a52490 code [0x00000217b7a52600, 0x00000217b7a52788]
Event: 162.950 Thread 0x00000217c7585d80 1622  s    3       sun.java2d.ScreenUpdateManager::getInstance (39 bytes)
Event: 162.951 Thread 0x00000217c7585d80 nmethod 1622 0x00000217b0073c10 code [0x00000217b0073ec0, 0x00000217b0074e48]
Event: 163.377 Thread 0x00000217c75830c0 1623   !   4       java.awt.LightweightDispatcher::eventDispatched (358 bytes)
Event: 163.386 Thread 0x00000217c75830c0 nmethod 1623 0x00000217b7a52810 code [0x00000217b7a52ac0, 0x00000217b7a53518]
Event: 163.411 Thread 0x00000217c75830c0 1624   !   4       java.util.concurrent.locks.AbstractQueuedSynchronizer::acquire (424 bytes)
Event: 163.424 Thread 0x00000217c75830c0 nmethod 1624 0x00000217b7a53e10 code [0x00000217b7a54060, 0x00000217b7a55090]
Event: 163.424 Thread 0x00000217c75830c0 1625       4       java.util.concurrent.locks.AbstractQueuedSynchronizer$Node::clearStatus (12 bytes)
Event: 163.425 Thread 0x00000217c75830c0 nmethod 1625 0x00000217b7a55690 code [0x00000217b7a55800, 0x00000217b7a55890]
Event: 163.681 Thread 0x00000217c75830c0 1626   !   4       java.util.concurrent.locks.AbstractQueuedSynchronizer$ConditionObject::newConditionNode (78 bytes)
Event: 163.684 Thread 0x00000217c75830c0 nmethod 1626 0x00000217b7a55990 code [0x00000217b7a55b20, 0x00000217b7a55c88]
Event: 163.701 Thread 0x00000217c75830c0 1627       4       java.util.concurrent.ForkJoinPool::managedBlock (36 bytes)
Event: 163.704 Thread 0x00000217c75830c0 nmethod 1627 0x00000217b7a55d90 code [0x00000217b7a55f40, 0x00000217b7a56160]

GC Heap History (0 events):
No events

Dll operation events (13 events):
Event: 0.014 Loaded shared library C:\Program Files\Java\jdk-22\bin\java.dll
Event: 0.050 Loaded shared library C:\Program Files\Java\jdk-22\bin\jsvml.dll
Event: 0.092 Loaded shared library C:\Program Files\Java\jdk-22\bin\zip.dll
Event: 0.095 Loaded shared library C:\Program Files\Java\jdk-22\bin\instrument.dll
Event: 0.100 Loaded shared library C:\Program Files\Java\jdk-22\bin\net.dll
Event: 0.103 Loaded shared library C:\Program Files\Java\jdk-22\bin\nio.dll
Event: 0.107 Loaded shared library C:\Program Files\Java\jdk-22\bin\zip.dll
Event: 0.117 Loaded shared library C:\Program Files\JetBrains\IntelliJ IDEA Community Edition 2024.2.0.1\bin\breakgen64.dll
Event: 0.124 Loaded shared library C:\Program Files\Java\jdk-22\bin\extnet.dll
Event: 0.129 Loaded shared library C:\Program Files\Java\jdk-22\bin\jimage.dll
Event: 0.145 Loaded shared library C:\Program Files\Java\jdk-22\bin\awt.dll
Event: 0.341 Loaded shared library C:\Program Files\Java\jdk-22\bin\freetype.dll
Event: 0.343 Loaded shared library C:\Program Files\Java\jdk-22\bin\fontmanager.dll

Deoptimization events (20 events):
Event: 63.910 Thread 0x000002180e34d550 DEOPT PACKING pc=0x00000217b79c8580 sp=0x0000009097afe840
Event: 63.910 Thread 0x000002180e34d550 DEOPT UNPACKING pc=0x00000217b7277da2 sp=0x0000009097afe7d8 mode 2
Event: 64.851 Thread 0x000002180e34d550 Uncommon trap: trap_request=0xffffff3d fr.pc=0x00000217b79e27f4 relative=0x00000000000001d4
Event: 64.851 Thread 0x000002180e34d550 Uncommon trap: reason=unstable_fused_if action=reinterpret pc=0x00000217b79e27f4 method=java.awt.Toolkit$SelectiveAWTEventListener.eventDispatched(Ljava/awt/AWTEvent;)V @ 250 c2
Event: 64.851 Thread 0x000002180e34d550 DEOPT PACKING pc=0x00000217b79e27f4 sp=0x0000009097afe960
Event: 64.851 Thread 0x000002180e34d550 DEOPT UNPACKING pc=0x00000217b7277da2 sp=0x0000009097afe8d0 mode 2
Event: 64.883 Thread 0x000002180e34d550 Uncommon trap: trap_request=0xffffff45 fr.pc=0x00000217b79e0a24 relative=0x00000000000003c4
Event: 64.883 Thread 0x000002180e34d550 Uncommon trap: reason=unstable_if action=reinterpret pc=0x00000217b79e0a24 method=java.awt.EventQueue.eventToCacheIndex(Ljava/awt/AWTEvent;)I @ 71 c2
Event: 64.883 Thread 0x000002180e34d550 DEOPT PACKING pc=0x00000217b79e0a24 sp=0x0000009097afeef0
Event: 64.883 Thread 0x000002180e34d550 DEOPT UNPACKING pc=0x00000217b7277da2 sp=0x0000009097afedc0 mode 2
Event: 73.343 Thread 0x00000217c7a56bd0 Uncommon trap: trap_request=0xffffff45 fr.pc=0x00000217b79edba4 relative=0x0000000000004ae4
Event: 73.343 Thread 0x00000217c7a56bd0 Uncommon trap: reason=unstable_if action=reinterpret pc=0x00000217b79edba4 method=sun.awt.PostEventQueue.flush()V @ 23 c2
Event: 73.343 Thread 0x00000217c7a56bd0 DEOPT PACKING pc=0x00000217b79edba4 sp=0x00000090979fb6f0
Event: 73.343 Thread 0x00000217c7a56bd0 DEOPT UNPACKING pc=0x00000217b7277da2 sp=0x00000090979fb718 mode 2
Event: 73.971 Thread 0x000002180e34d550 Uncommon trap: trap_request=0xffffff6e fr.pc=0x00000217b7a04860 relative=0x0000000000000320
Event: 73.971 Thread 0x000002180e34d550 Uncommon trap: reason=loop_limit_check action=maybe_recompile pc=0x00000217b7a04860 method=java.awt.EventDispatchThread.filterAndCheckEvent(Ljava/awt/AWTEvent;)Z @ 22 c2
Event: 73.971 Thread 0x000002180e34d550 DEOPT PACKING pc=0x00000217b7a04860 sp=0x0000009097afef30
Event: 73.972 Thread 0x000002180e34d550 DEOPT UNPACKING pc=0x00000217b7277da2 sp=0x0000009097afeec0 mode 2
Event: 145.604 Thread 0x000002180e34d550 DEOPT PACKING pc=0x00000217b000eb85 sp=0x0000009097afed20
Event: 145.604 Thread 0x000002180e34d550 DEOPT UNPACKING pc=0x00000217b72788e2 sp=0x0000009097afe1b8 mode 0

Classes loaded (20 events):
Event: 1.091 Loading class java/time/zone/ZoneOffsetTransitionRule$TimeDefinition
Event: 1.091 Loading class java/time/zone/ZoneOffsetTransitionRule$TimeDefinition done
Event: 1.093 Loading class java/time/zone/ZoneOffsetTransition
Event: 1.093 Loading class java/time/zone/ZoneOffsetTransition done
Event: 1.095 Loading class sun/util/cldr/CLDRBaseLocaleDataMetaInfo$TZCanonicalIDMapHolder
Event: 1.098 Loading class sun/util/cldr/CLDRBaseLocaleDataMetaInfo$TZCanonicalIDMapHolder done
Event: 1.102 Loading class sun/util/resources/TimeZoneNames
Event: 1.103 Loading class sun/util/resources/TimeZoneNames done
Event: 1.107 Loading class sun/util/resources/TimeZoneNames_en
Event: 1.110 Loading class sun/util/resources/TimeZoneNames_en done
Event: 1.510 Loading class java/awt/LightweightDispatcher$2
Event: 1.510 Loading class java/awt/LightweightDispatcher$2 done
Event: 3.740 Loading class java/awt/event/MouseWheelEvent
Event: 3.740 Loading class java/awt/event/MouseWheelEvent done
Event: 60.127 Loading class java/security/DomainCombiner
Event: 60.129 Loading class java/security/DomainCombiner done
Event: 64.870 Loading class sun/awt/windows/WComponentPeer$1
Event: 64.870 Loading class sun/awt/windows/WComponentPeer$1 done
Event: 64.892 Loading class sun/java2d/opengl/OGLSurfaceData
Event: 64.893 Loading class sun/java2d/opengl/OGLSurfaceData done

Classes unloaded (0 events):
No events

Classes redefined (0 events):
No events

Internal exceptions (15 events):
Event: 0.108 Thread 0x00000217a5844e90 Exception <a 'java/lang/NoSuchMethodError'{0x0000000713c1c7f0}: 'void java.lang.invoke.DirectMethodHandle$Holder.invokeStatic(java.lang.Object, java.lang.Object, java.lang.Object)'> (0x0000000713c1c7f0) 
thrown [s\open\src\hotspot\share\interpreter\linkResolver.cpp, line 774]
Event: 0.113 Thread 0x00000217a5844e90 Exception <a 'java/lang/NoSuchMethodError'{0x0000000713c34288}: 'java.lang.Object java.lang.invoke.Invokers$Holder.invokeExact_MT(java.lang.Object, java.lang.Object, java.lang.Object, java.lang.Object, java.lang.Object)'> (0x0000000713c34288) 
thrown [s\open\src\hotspot\share\interpreter\linkResolver.cpp, line 774]
Event: 0.125 Thread 0x00000217c795f910 Exception <a 'java/lang/NoSuchMethodError'{0x0000000713c83c50}: 'void java.lang.invoke.DirectMethodHandle$Holder.invokeStatic(java.lang.Object, java.lang.Object)'> (0x0000000713c83c50) 
thrown [s\open\src\hotspot\share\interpreter\linkResolver.cpp, line 774]
Event: 0.135 Thread 0x00000217a5844e90 Exception <a 'java/lang/ClassNotFoundException'{0x0000000713c607c8}: sun/awt/resources/spi/awtProvider> (0x0000000713c607c8) 
thrown [s\open\src\hotspot\share\classfile\systemDictionary.cpp, line 313]
Event: 0.154 Thread 0x00000217a5844e90 Exception <a 'java/io/FileNotFoundException'{0x0000000713d2c910}> (0x0000000713d2c910) 
thrown [s\open\src\hotspot\share\prims\jni.cpp, line 520]
Event: 0.163 Thread 0x00000217a5844e90 Exception <a 'java/io/FileNotFoundException'{0x0000000713d5a978}> (0x0000000713d5a978) 
thrown [s\open\src\hotspot\share\prims\jni.cpp, line 520]
Event: 0.237 Thread 0x00000217a5844e90 Exception <a 'java/lang/NoSuchMethodError'{0x0000000713a807b0}: 'void java.lang.invoke.DirectMethodHandle$Holder.invokeSpecial(java.lang.Object, java.lang.Object, java.lang.Object)'> (0x0000000713a807b0) 
thrown [s\open\src\hotspot\share\interpreter\linkResolver.cpp, line 774]
Event: 0.246 Thread 0x00000217a5844e90 Exception <a 'java/lang/NoSuchMethodError'{0x0000000713aa67b0}: 'java.lang.Object java.lang.invoke.DirectMethodHandle$Holder.newInvokeSpecial(java.lang.Object, java.lang.Object, java.lang.Object, java.lang.Object, java.lang.Object)'> (0x0000000713aa67b0) 
thrown [s\open\src\hotspot\share\interpreter\linkResolver.cpp, line 774]
Event: 0.251 Thread 0x00000217a5844e90 Exception <a 'java/lang/NoSuchMethodError'{0x0000000713ad2ec8}: 'java.lang.Object java.lang.invoke.DirectMethodHandle$Holder.invokeStatic(java.lang.Object, int, java.lang.Object)'> (0x0000000713ad2ec8) 
thrown [s\open\src\hotspot\share\interpreter\linkResolver.cpp, line 774]
Event: 0.279 Thread 0x00000217a5844e90 Exception <a 'java/lang/ClassNotFoundException'{0x0000000713b75120}: com/sun/swing/internal/plaf/metal/resources/spi/metalProvider> (0x0000000713b75120) 
thrown [s\open\src\hotspot\share\classfile\systemDictionary.cpp, line 313]
Event: 0.279 Thread 0x00000217a5844e90 Exception <a 'java/lang/ClassNotFoundException'{0x0000000713b790d0}: com/sun/swing/internal/plaf/basic/resources/spi/basicProvider> (0x0000000713b790d0) 
thrown [s\open\src\hotspot\share\classfile\systemDictionary.cpp, line 313]
Event: 0.290 Thread 0x00000217a5844e90 Exception <a 'java/lang/NoSuchMethodError'{0x0000000713b956b8}: 'int java.lang.invoke.Invokers$Holder.invokeExact_MT(java.lang.Object, java.lang.Object)'> (0x0000000713b956b8) 
thrown [s\open\src\hotspot\share\interpreter\linkResolver.cpp, line 774]
Event: 0.314 Thread 0x00000217c7a56bd0 Exception <a 'java/lang/NoSuchMethodError'{0x0000000713a0e4e8}: 'void java.lang.invoke.DirectMethodHandle$Holder.invokeVirtual(java.lang.Object, java.lang.Object)'> (0x0000000713a0e4e8) 
thrown [s\open\src\hotspot\share\interpreter\linkResolver.cpp, line 774]
Event: 0.338 Thread 0x00000217a5844e90 Exception <a 'java/lang/NoSuchMethodError'{0x0000000713bd7538}: 'void java.lang.invoke.DirectMethodHandle$Holder.invokeStaticInit(java.lang.Object)'> (0x0000000713bd7538) 
thrown [s\open\src\hotspot\share\interpreter\linkResolver.cpp, line 774]
Event: 1.112 Thread 0x00000217c75724c0 Exception <a 'java/lang/NoSuchMethodError'{0x0000000713676ea0}: 'java.lang.Object java.lang.invoke.Invokers$Holder.invokeExact_MT(java.lang.Object, java.lang.Object, java.lang.Object, java.lang.Object, java.lang.Object, java.lang.Object)'> (0x0000000713676ea0) 
thrown [s\open\src\hotspot\share\interpreter\linkResolver.cpp, line 774]

ZGC Phase Switch (0 events):
No events

VM Operations (20 events):
Event: 119.847 Executing VM operation: Cleanup
Event: 119.847 Executing VM operation: Cleanup done
Event: 120.410 Executing VM operation: HandshakeAllThreads (HandshakeForDeflation)
Event: 120.410 Executing VM operation: HandshakeAllThreads (HandshakeForDeflation) done
Event: 120.410 Executing VM operation: RendezvousGCThreads
Event: 120.410 Executing VM operation: RendezvousGCThreads done
Event: 131.536 Executing VM operation: Cleanup
Event: 131.536 Executing VM operation: Cleanup done
Event: 137.591 Executing VM operation: Cleanup
Event: 137.591 Executing VM operation: Cleanup done
Event: 159.833 Executing VM operation: Cleanup
Event: 159.834 Executing VM operation: Cleanup done
Event: 160.848 Executing VM operation: Cleanup
Event: 160.848 Executing VM operation: Cleanup done
Event: 162.863 Executing VM operation: Cleanup
Event: 162.863 Executing VM operation: Cleanup done
Event: 180.660 Executing VM operation: HandshakeAllThreads (HandshakeForDeflation)
Event: 180.660 Executing VM operation: HandshakeAllThreads (HandshakeForDeflation) done
Event: 180.660 Executing VM operation: RendezvousGCThreads
Event: 180.660 Executing VM operation: RendezvousGCThreads done

Memory protections (0 events):
No events

Nmethod flushes (0 events):
No events

Events (20 events):
Event: 0.316 Thread 0x00000217c7a56bd0 Thread added: 0x000002180e34d550
Event: 0.453 Thread 0x00000217a5844e90 Thread exited: 0x00000217a5844e90
Event: 0.453 Thread 0x00000217a5844e90 Thread added: 0x00000217a5844e90
Event: 0.603 Thread 0x00000217c7800070 Thread exited: 0x00000217c7800070
Event: 1.037 Thread 0x00000217c773ae00 Thread added: 0x000002180e3709a0
Event: 1.080 Thread 0x00000217c770a390 Thread added: 0x000002180e4650d0
Event: 1.080 Thread 0x00000217c770a390 Thread added: 0x000002180e4543e0
Event: 1.224 Thread 0x000002180e4543e0 Thread exited: 0x000002180e4543e0
Event: 1.251 Thread 0x000002180e4650d0 Thread exited: 0x000002180e4650d0
Event: 2.789 Thread 0x000002180e3709a0 Thread exited: 0x000002180e3709a0
Event: 2.789 Thread 0x00000217c773ae00 Thread exited: 0x00000217c773ae00
Event: 10.478 Thread 0x00000217c770a390 Thread exited: 0x00000217c770a390
Event: 65.336 Thread 0x00000217c7585d80 Thread added: 0x0000021810300000
Event: 65.418 Thread 0x00000217c7585d80 Thread added: 0x000002180e600db0
Event: 66.130 Thread 0x000002180e600db0 Thread exited: 0x000002180e600db0
Event: 66.130 Thread 0x0000021810300000 Thread exited: 0x0000021810300000
Event: 136.273 Thread 0x00000217c7585d80 Thread added: 0x000002180e6027f0
Event: 137.757 Thread 0x000002180e6027f0 Thread exited: 0x000002180e6027f0
Event: 159.116 Thread 0x00000217c7585d80 Thread added: 0x000002180e70c370
Event: 160.517 Thread 0x000002180e70c370 Thread exited: 0x000002180e70c370


Dynamic libraries:
0x00007ff7b7470000 - 0x00007ff7b7480000 	C:\Program Files\Java\jdk-22\bin\java.exe
0x00007ffe60c90000 - 0x00007ffe60ea7000 	C:\WINDOWS\SYSTEM32\ntdll.dll
0x00007ffe5f760000 - 0x00007ffe5f824000 	C:\WINDOWS\System32\KERNEL32.DLL
0x00007ffe5dfb0000 - 0x00007ffe5e35d000 	C:\WINDOWS\System32\KERNELBASE.dll
0x00007ffe5e7f0000 - 0x00007ffe5e901000 	C:\WINDOWS\System32\ucrtbase.dll
0x00007ffe57670000 - 0x00007ffe57687000 	C:\Program Files\Java\jdk-22\bin\jli.dll
0x00007ffe52c20000 - 0x00007ffe52c3b000 	C:\Program Files\Java\jdk-22\bin\VCRUNTIME140.dll
0x00007ffe5ec60000 - 0x00007ffe5ee0e000 	C:\WINDOWS\System32\USER32.dll
0x00007ffe5e990000 - 0x00007ffe5e9b6000 	C:\WINDOWS\System32\win32u.dll
0x00007ffe2ae70000 - 0x00007ffe2b103000 	C:\WINDOWS\WinSxS\amd64_microsoft.windows.common-controls_6595b64144ccf1df_6.0.22621.3672_none_2713b9d173822955\COMCTL32.dll
0x00007ffe5f920000 - 0x00007ffe5f949000 	C:\WINDOWS\System32\GDI32.dll
0x00007ffe5eb80000 - 0x00007ffe5ec27000 	C:\WINDOWS\System32\msvcrt.dll
0x00007ffe5e3d0000 - 0x00007ffe5e4e9000 	C:\WINDOWS\System32\gdi32full.dll
0x00007ffe5e4f0000 - 0x00007ffe5e58a000 	C:\WINDOWS\System32\msvcp_win.dll
0x00007ffe5f830000 - 0x00007ffe5f861000 	C:\WINDOWS\System32\IMM32.DLL
0x00007ffe57660000 - 0x00007ffe5766c000 	C:\Program Files\Java\jdk-22\bin\vcruntime140_1.dll
0x00007ffe26c60000 - 0x00007ffe26cee000 	C:\Program Files\Java\jdk-22\bin\msvcp140.dll
0x00007ffdf40c0000 - 0x00007ffdf4e09000 	C:\Program Files\Java\jdk-22\bin\server\jvm.dll
0x00007ffe5fc90000 - 0x00007ffe5fd42000 	C:\WINDOWS\System32\ADVAPI32.dll
0x00007ffe5f870000 - 0x00007ffe5f919000 	C:\WINDOWS\System32\sechost.dll
0x00007ffe5e700000 - 0x00007ffe5e728000 	C:\WINDOWS\System32\bcrypt.dll
0x00007ffe5fd60000 - 0x00007ffe5fe74000 	C:\WINDOWS\System32\RPCRT4.dll
0x00007ffe5ee70000 - 0x00007ffe5eee1000 	C:\WINDOWS\System32\WS2_32.dll
0x00007ffe581a0000 - 0x00007ffe581d4000 	C:\WINDOWS\SYSTEM32\WINMM.dll
0x00007ffe5ce40000 - 0x00007ffe5ce8d000 	C:\WINDOWS\SYSTEM32\POWRPROF.dll
0x00007ffe4fd40000 - 0x00007ffe4fd4a000 	C:\WINDOWS\SYSTEM32\VERSION.dll
0x00007ffe5ce10000 - 0x00007ffe5ce23000 	C:\WINDOWS\SYSTEM32\UMPDC.dll
0x00007ffe5d0d0000 - 0x00007ffe5d0e8000 	C:\WINDOWS\SYSTEM32\kernel.appcore.dll
0x00007ffe56140000 - 0x00007ffe5614a000 	C:\Program Files\Java\jdk-22\bin\jimage.dll
0x00007ffe5b890000 - 0x00007ffe5bac2000 	C:\WINDOWS\SYSTEM32\DBGHELP.DLL
0x00007ffe600c0000 - 0x00007ffe6044e000 	C:\WINDOWS\System32\combase.dll
0x00007ffe60b70000 - 0x00007ffe60c47000 	C:\WINDOWS\System32\OLEAUT32.dll
0x00007ffe58160000 - 0x00007ffe58192000 	C:\WINDOWS\SYSTEM32\dbgcore.DLL
0x00007ffe5e910000 - 0x00007ffe5e98b000 	C:\WINDOWS\System32\bcryptPrimitives.dll
0x00007ffe52c10000 - 0x00007ffe52c1f000 	C:\Program Files\Java\jdk-22\bin\instrument.dll
0x00007ffe4fa40000 - 0x00007ffe4fa5e000 	C:\Program Files\Java\jdk-22\bin\java.dll
0x00007ffe5eef0000 - 0x00007ffe5f757000 	C:\WINDOWS\System32\SHELL32.dll
0x00007ffe5e9d0000 - 0x00007ffe5eb75000 	C:\WINDOWS\System32\ole32.dll
0x00007ffe5bd70000 - 0x00007ffe5c66f000 	C:\WINDOWS\SYSTEM32\windows.storage.dll
0x00007ffe5c6a0000 - 0x00007ffe5c7df000 	C:\WINDOWS\SYSTEM32\wintypes.dll
0x00007ffe5f950000 - 0x00007ffe5fa49000 	C:\WINDOWS\System32\SHCORE.dll
0x00007ffe5ee10000 - 0x00007ffe5ee6e000 	C:\WINDOWS\System32\shlwapi.dll
0x00007ffe5dee0000 - 0x00007ffe5df07000 	C:\WINDOWS\SYSTEM32\profapi.dll
0x00007ffe26b50000 - 0x00007ffe26c27000 	C:\Program Files\Java\jdk-22\bin\jsvml.dll
0x00007ffe4e3b0000 - 0x00007ffe4e3c7000 	C:\Program Files\Java\jdk-22\bin\zip.dll
0x00007ffe4fa30000 - 0x00007ffe4fa40000 	C:\Program Files\Java\jdk-22\bin\net.dll
0x00007ffe5d560000 - 0x00007ffe5d5c9000 	C:\WINDOWS\system32\mswsock.dll
0x00007ffe4fa10000 - 0x00007ffe4fa26000 	C:\Program Files\Java\jdk-22\bin\nio.dll
0x00007ffe4e270000 - 0x00007ffe4e28a000 	C:\Program Files\JetBrains\IntelliJ IDEA Community Edition 2024.2.0.1\bin\breakgen64.dll
0x00007ffe4fa00000 - 0x00007ffe4fa09000 	C:\Program Files\Java\jdk-22\bin\extnet.dll
0x00007ffe13ca0000 - 0x00007ffe13e2e000 	C:\Program Files\Java\jdk-22\bin\awt.dll
0x00007ffe58060000 - 0x00007ffe580f7000 	C:\WINDOWS\SYSTEM32\apphelp.dll
0x00007ffe589d0000 - 0x00007ffe589fb000 	C:\WINDOWS\system32\DWMAPI.DLL
0x00007ffe585a0000 - 0x00007ffe58651000 	C:\WINDOWS\system32\uxtheme.dll
0x00007ffe16c00000 - 0x00007ffe16d00000 	C:\WINDOWS\system32\opengl32.dll
0x00007ffe16a50000 - 0x00007ffe16a7d000 	C:\WINDOWS\SYSTEM32\GLU32.dll
0x00007ffe586a0000 - 0x00007ffe586d7000 	C:\WINDOWS\SYSTEM32\dxcore.dll
0x00007ffe5fe80000 - 0x00007ffe5ffde000 	C:\WINDOWS\System32\MSCTF.dll
0x00007ffe1bb70000 - 0x00007ffe1bbf7000 	C:\Program Files\Java\jdk-22\bin\freetype.dll
0x00007ffe13b50000 - 0x00007ffe13c27000 	C:\Program Files\Java\jdk-22\bin\fontmanager.dll
0x00007ffe23c80000 - 0x00007ffe23dc3000 	C:\WINDOWS\SYSTEM32\textinputframework.dll
0x00007ffe57ee0000 - 0x00007ffe58013000 	C:\WINDOWS\SYSTEM32\CoreMessaging.dll
0x00007ffe54c50000 - 0x00007ffe54fbd000 	C:\WINDOWS\SYSTEM32\CoreUIComponents.dll
0x00007ffe5d7d0000 - 0x00007ffe5d7dc000 	C:\WINDOWS\SYSTEM32\CRYPTBASE.DLL
0x00007ffe15240000 - 0x00007ffe152ab000 	C:\WINDOWS\system32\Ninput.dll

dbghelp: loaded successfully - version: 4.0.5 - missing functions: none
symbol engine: initialized successfully - sym options: 0x614 - pdb path: .;C:\Program Files\Java\jdk-22\bin;C:\WINDOWS\SYSTEM32;C:\WINDOWS\WinSxS\amd64_microsoft.windows.common-controls_6595b64144ccf1df_6.0.22621.3672_none_2713b9d173822955;C:\Program Files\Java\jdk-22\bin\server;C:\Program Files\JetBrains\IntelliJ IDEA Community Edition 2024.2.0.1\bin

VM Arguments:
jvm_args: -javaagent:C:\Program Files\JetBrains\IntelliJ IDEA Community Edition 2024.2.0.1\lib\idea_rt.jar=51971:C:\Program Files\JetBrains\IntelliJ IDEA Community Edition 2024.2.0.1\bin -Dfile.encoding=UTF-8 -Dsun.stdout.encoding=UTF-8 -Dsun.stderr.encoding=UTF-8 
java_command: Main
java_class_path (initial): C:\Users\Emmanuel\Documents\GitHub\percolation\out\production\percolation
Launcher Type: SUN_STANDARD

[Global flags]
     intx CICompilerCount                          = 12                                        {product} {ergonomic}
     uint ConcGCThreads                            = 3                                         {product} {ergonomic}
     uint G1ConcRefinementThreads                  = 13                                        {product} {ergonomic}
   size_t G1HeapRegionSize                         = 2097152                                   {product} {ergonomic}
   size_t InitialHeapSize                          = 264241152                                 {product} {ergonomic}
   size_t MarkStackSize                            = 4194304                                   {product} {ergonomic}
   size_t MaxHeapSize                              = 4221566976                                {product} {ergonomic}
   size_t MaxNewSize                               = 2531262464                                {product} {ergonomic}
   size_t MinHeapDeltaBytes                        = 2097152                                   {product} {ergonomic}
   size_t MinHeapSize                              = 8388608                                   {product} {ergonomic}
    uintx NonNMethodCodeHeapSize                   = 7602480                                {pd product} {ergonomic}
    uintx NonProfiledCodeHeapSize                  = 122027880                              {pd product} {ergonomic}
    uintx ProfiledCodeHeapSize                     = 122027880                              {pd product} {ergonomic}
    uintx ReservedCodeCacheSize                    = 251658240                              {pd product} {ergonomic}
     bool SegmentedCodeCache                       = true                                      {product} {ergonomic}
   size_t SoftMaxHeapSize                          = 4221566976                             {manageable} {ergonomic}
     bool UseCompressedOops                        = true                           {product lp64_product} {ergonomic}
     bool UseG1GC                                  = true                                      {product} {ergonomic}
     bool UseLargePagesIndividualAllocation        = false                                  {pd product} {ergonomic}

Logging:
Log output configuration:
 #0: stdout all=warning uptime,level,tags foldmultilines=false
 #1: stderr all=off uptime,level,tags foldmultilines=false

Environment Variables:
PATH=C:\Program Files\Common Files\Oracle\Java\javapath;C:\Windows\system32;C:\Windows;C:\Windows\System32\Wbem;C:\Windows\System32\WindowsPowerShell\v1.0\;C:\Windows\System32\OpenSSH\;C:\Program Files (x86)\NVIDIA Corporation\PhysX\Common;C:\Program Files\NVIDIA Corporation\NVIDIA NvDLISR;C:\WINDOWS\system32;C:\WINDOWS;C:\WINDOWS\System32\Wbem;C:\WINDOWS\System32\WindowsPowerShell\v1.0\;C:\WINDOWS\System32\OpenSSH\;C:\Program Files\dotnet\;C:\Program Files\Git\cmd;C:\Users\Emmanuel\AppData\Local\Microsoft\WindowsApps;C:\ProgramData\Emmanuel\GitHubDesktop\bin;C:\Users\Emmanuel\AppData\Local\Microsoft\WinGet\Packages\Schniz.fnm_Microsoft.Winget.Source_8wekyb3d8bbwe;C:\Users\Emmanuel\AppData\Local\Programs\Microsoft VS Code\bin
USERNAME=Emmanuel
OS=Windows_NT
PROCESSOR_IDENTIFIER=Intel64 Family 6 Model 141 Stepping 1, GenuineIntel
TMP=C:\Users\Emmanuel\AppData\Local\Temp
TEMP=C:\Users\Emmanuel\AppData\Local\Temp




Periodic native trim disabled

---------------  S Y S T E M  ---------------

OS:
 Windows 11 , 64 bit Build 22621 (10.0.22621.3958)
OS uptime: 1 days 22:52 hours
Hyper-V role detected

CPU: total 16 (initial active 16) (8 cores per cpu, 2 threads per core) family 6 model 141 stepping 1 microcode 0x4e, cx8, cmov, fxsr, ht, mmx, 3dnowpref, sse, sse2, sse3, ssse3, sse4.1, sse4.2, popcnt, lzcnt, tsc, tscinvbit, avx, avx2, aes, erms, clmul, bmi1, bmi2, adx, avx512f, avx512dq, avx512cd, avx512bw, avx512vl, sha, fma, vzeroupper, avx512_vpopcntdq, avx512_vpclmulqdq, avx512_vaes, avx512_vnni, clflush, clflushopt, clwb, avx512_vbmi2, avx512_vbmi, hv, rdtscp, rdpid, fsrm, gfni, avx512_bitalg, f16c, cet_ibt, cet_ss, avx512_ifma
Processor Information for all 16 processors :
  Max Mhz: 2304, Current Mhz: 2304, Mhz Limit: 2304

Memory: 4k page, system-wide physical 16103M (5189M free)
TotalPageFile size 34535M (AvailPageFile size 20169M)
current process WorkingSet (physical memory assigned to process): 165M, peak: 165M
current process commit charge ("private bytes"): 430M, peak: 431M

vm_info: Java HotSpot(TM) 64-Bit Server VM (22.0.2+9-70) for windows-amd64 JRE (22.0.2+9-70), built on 2024-06-04T16:52:23Z by "mach5one" with MS VC++ 17.6 (VS2022)

END.
